Log file open, 01/25/17 20:50:55
LogInit:Display: Running engine for game: VR_Cooking
LogPlatformFile: Not using cached read wrapper
LogInit:Display: RandInit(522392220) SRandInit(522392220).
LogTaskGraph: Started task graph with 5 named threads and 8 total threads with 1 sets of task threads.
LogStats: Stats thread started at 0.073397
LogPluginManager: Loaded Plugin Paper2D, From D:/Program Files (x86)/Epic Games/4.14/Engine/Plugins/2D/Paper2D/Paper2D.uplugin
LogPluginManager: Loaded Plugin LightPropagationVolume, From D:/Program Files (x86)/Epic Games/4.14/Engine/Plugins/Blendables/LightPropagationVolume/LightPropagationVolume.uplugin
LogPluginManager: Loaded Plugin BlankPlugin, From D:/Program Files (x86)/Epic Games/4.14/Engine/Plugins/Developer/BlankPlugin/BlankPlugin.uplugin
LogPluginManager: Loaded Plugin CodeLiteSourceCodeAccess, From D:/Program Files (x86)/Epic Games/4.14/Engine/Plugins/Developer/CodeLiteSourceCodeAccess/CodeLiteSourceCodeAccess.uplugin
LogPluginManager: Loaded Plugin GitSourceControl, From D:/Program Files (x86)/Epic Games/4.14/Engine/Plugins/Developer/GitSourceControl/GitSourceControl.uplugin
LogPluginManager: Loaded Plugin KDevelopSourceCodeAccess, From D:/Program Files (x86)/Epic Games/4.14/Engine/Plugins/Developer/KDevelopSourceCodeAccess/KDevelopSourceCodeAccess.uplugin
LogPluginManager: Loaded Plugin NullSourceCodeAccess, From D:/Program Files (x86)/Epic Games/4.14/Engine/Plugins/Developer/NullSourceCodeAccess/NullSourceCodeAccess.uplugin
LogPluginManager: Loaded Plugin OneSkyLocalizationService, From D:/Program Files (x86)/Epic Games/4.14/Engine/Plugins/Developer/OneSkyLocalizationService/OneSkyLocalizationService.uplugin
LogPluginManager: Loaded Plugin PerforceSourceControl, From D:/Program Files (x86)/Epic Games/4.14/Engine/Plugins/Developer/PerforceSourceControl/PerforceSourceControl.uplugin
LogPluginManager: Loaded Plugin SubversionSourceControl, From D:/Program Files (x86)/Epic Games/4.14/Engine/Plugins/Developer/SubversionSourceControl/SubversionSourceControl.uplugin
LogPluginManager: Loaded Plugin UObjectPlugin, From D:/Program Files (x86)/Epic Games/4.14/Engine/Plugins/Developer/UObjectPlugin/UObjectPlugin.uplugin
LogPluginManager: Loaded Plugin VisualStudioSourceCodeAccess, From D:/Program Files (x86)/Epic Games/4.14/Engine/Plugins/Developer/VisualStudioSourceCodeAccess/VisualStudioSourceCodeAccess.uplugin
LogPluginManager: Loaded Plugin XCodeSourceCodeAccess, From D:/Program Files (x86)/Epic Games/4.14/Engine/Plugins/Developer/XCodeSourceCodeAccess/XCodeSourceCodeAccess.uplugin
LogPluginManager: Loaded Plugin AudioCapture, From D:/Program Files (x86)/Epic Games/4.14/Engine/Plugins/Editor/AudioCapture/AudioCapture.uplugin
LogPluginManager: Loaded Plugin EpicSurvey, From D:/Program Files (x86)/Epic Games/4.14/Engine/Plugins/Editor/EpicSurvey/EpicSurvey.uplugin
LogPluginManager: Loaded Plugin MacGraphicsSwitching, From D:/Program Files (x86)/Epic Games/4.14/Engine/Plugins/Editor/MacGraphicsSwitching/MacGraphicsSwitching.uplugin
LogPluginManager: Loaded Plugin MobileLauncherProfileWizard, From D:/Program Files (x86)/Epic Games/4.14/Engine/Plugins/Editor/MobileLauncherProfileWizard/MobileLauncherProfileWizard.uplugin
LogPluginManager: Loaded Plugin PluginBrowser, From D:/Program Files (x86)/Epic Games/4.14/Engine/Plugins/Editor/PluginBrowser/PluginBrowser.uplugin
LogPluginManager: Loaded Plugin SpeedTreeImporter, From D:/Program Files (x86)/Epic Games/4.14/Engine/Plugins/Editor/SpeedTreeImporter/SpeedTreeImporter.uplugin
LogPluginManager: Loaded Plugin SuperSearchEditor, From D:/Program Files (x86)/Epic Games/4.14/Engine/Plugins/Editor/SuperSearchEditor/SuperSearchEditor.uplugin
LogPluginManager: Loaded Plugin AlembicImporter, From D:/Program Files (x86)/Epic Games/4.14/Engine/Plugins/Experimental/AlembicImporter/AlembicImporter.uplugin
LogPluginManager: Loaded Plugin BlueprintStats, From D:/Program Files (x86)/Epic Games/4.14/Engine/Plugins/Experimental/BlueprintStats/BlueprintStats.uplugin
LogPluginManager: Loaded Plugin CharacterAI, From D:/Program Files (x86)/Epic Games/4.14/Engine/Plugins/Experimental/CharacterAI/CharacterAI.uplugin
LogPluginManager: Loaded Plugin CodeEditor, From D:/Program Files (x86)/Epic Games/4.14/Engine/Plugins/Experimental/CodeEditor/CodeEditor.uplugin
LogPluginManager: Loaded Plugin CodeView, From D:/Program Files (x86)/Epic Games/4.14/Engine/Plugins/Experimental/CodeView/CodeView.uplugin
LogPluginManager: Loaded Plugin HTML5Networking, From D:/Program Files (x86)/Epic Games/4.14/Engine/Plugins/Experimental/HTML5Networking/HTML5Networking.uplugin
LogPluginManager: Loaded Plugin OSVR, From D:/Program Files (x86)/Epic Games/4.14/Engine/Plugins/Experimental/OSVR/OSVR.uplugin
LogPluginManager: Loaded Plugin Phya, From D:/Program Files (x86)/Epic Games/4.14/Engine/Plugins/Experimental/Phya/Phya.uplugin
LogPluginManager: Loaded Plugin SignificanceManager, From D:/Program Files (x86)/Epic Games/4.14/Engine/Plugins/Experimental/SignificanceManager/SignificanceManager.uplugin
LogPluginManager: Loaded Plugin SimpleHMD, From D:/Program Files (x86)/Epic Games/4.14/Engine/Plugins/Experimental/SimpleHMD/SimpleHMD.uplugin
LogPluginManager: Loaded Plugin StereoPanorama, From D:/Program Files (x86)/Epic Games/4.14/Engine/Plugins/Experimental/StereoPanorama/StereoPanorama.uplugin
LogPluginManager: Loaded Plugin StructBox, From D:/Program Files (x86)/Epic Games/4.14/Engine/Plugins/Experimental/StructBox/StructBox.uplugin
LogPluginManager: Loaded Plugin AndroidMedia, From D:/Program Files (x86)/Epic Games/4.14/Engine/Plugins/Media/AndroidMedia/AndroidMedia.uplugin
LogPluginManager: Loaded Plugin AvfMedia, From D:/Program Files (x86)/Epic Games/4.14/Engine/Plugins/Media/AvfMedia/AvfMedia.uplugin
LogPluginManager: Loaded Plugin MediaPlayerEditor, From D:/Program Files (x86)/Epic Games/4.14/Engine/Plugins/Media/MediaPlayerEditor/MediaPlayerEditor.uplugin
LogPluginManager: Loaded Plugin WmfMedia, From D:/Program Files (x86)/Epic Games/4.14/Engine/Plugins/Media/WmfMedia/WmfMedia.uplugin
LogPluginManager: Loaded Plugin MessagingDebugger, From D:/Program Files (x86)/Epic Games/4.14/Engine/Plugins/Messaging/MessagingDebugger/MessagingDebugger.uplugin
LogPluginManager: Loaded Plugin TcpMessaging, From D:/Program Files (x86)/Epic Games/4.14/Engine/Plugins/Messaging/TcpMessaging/TcpMessaging.uplugin
LogPluginManager: Loaded Plugin UdpMessaging, From D:/Program Files (x86)/Epic Games/4.14/Engine/Plugins/Messaging/UdpMessaging/UdpMessaging.uplugin
LogPluginManager: Loaded Plugin LevelSequenceEditor, From D:/Program Files (x86)/Epic Games/4.14/Engine/Plugins/MovieScene/LevelSequenceEditor/LevelSequenceEditor.uplugin
LogPluginManager: Loaded Plugin MatineeToLevelSequence, From D:/Program Files (x86)/Epic Games/4.14/Engine/Plugins/MovieScene/MatineeToLevelSequence/MatineeToLevelSequence.uplugin
LogPluginManager: Loaded Plugin NetcodeUnitTest, From D:/Program Files (x86)/Epic Games/4.14/Engine/Plugins/NetcodeUnitTest/NetcodeUnitTest/NetcodeUnitTest.uplugin
LogPluginManager: Loaded Plugin NUTUnrealEngine4, From D:/Program Files (x86)/Epic Games/4.14/Engine/Plugins/NetcodeUnitTest/NUTUnrealEngine4/NUTUnrealEngine4.uplugin
LogPluginManager: Loaded Plugin OnlineSubsystemGameCircle, From D:/Program Files (x86)/Epic Games/4.14/Engine/Plugins/Online/Android/OnlineSubsystemGameCircle/OnlineSubsystemGameCircle.uplugin
LogPluginManager: Loaded Plugin OnlineSubsystemGooglePlay, From D:/Program Files (x86)/Epic Games/4.14/Engine/Plugins/Online/Android/OnlineSubsystemGooglePlay/OnlineSubsystemGooglePlay.uplugin
LogPluginManager: Loaded Plugin OnlineSubsystemIOS, From D:/Program Files (x86)/Epic Games/4.14/Engine/Plugins/Online/IOS/OnlineSubsystemIOS/OnlineSubsystemIOS.uplugin
LogPluginManager: Loaded Plugin OnlineFramework, From D:/Program Files (x86)/Epic Games/4.14/Engine/Plugins/Online/OnlineFramework/OnlineFramework.uplugin
LogPluginManager: Loaded Plugin OnlineSubsystem, From D:/Program Files (x86)/Epic Games/4.14/Engine/Plugins/Online/OnlineSubsystem/OnlineSubsystem.uplugin
LogPluginManager: Loaded Plugin OnlineSubsystemAmazon, From D:/Program Files (x86)/Epic Games/4.14/Engine/Plugins/Online/OnlineSubsystemAmazon/OnlineSubsystemAmazon.uplugin
LogPluginManager: Loaded Plugin OnlineSubsystemFacebook, From D:/Program Files (x86)/Epic Games/4.14/Engine/Plugins/Online/OnlineSubsystemFacebook/OnlineSubsystemFacebook.uplugin
LogPluginManager: Loaded Plugin OnlineSubsystemNull, From D:/Program Files (x86)/Epic Games/4.14/Engine/Plugins/Online/OnlineSubsystemNull/OnlineSubsystemNull.uplugin
LogPluginManager: Loaded Plugin OnlineSubsystemOculus, From D:/Program Files (x86)/Epic Games/4.14/Engine/Plugins/Online/OnlineSubsystemOculus/OnlineSubsystemOculus.uplugin
LogPluginManager: Loaded Plugin OnlineSubsystemSteam, From D:/Program Files (x86)/Epic Games/4.14/Engine/Plugins/Online/OnlineSubsystemSteam/OnlineSubsystemSteam.uplugin
LogPluginManager: Loaded Plugin OnlineSubsystemUtils, From D:/Program Files (x86)/Epic Games/4.14/Engine/Plugins/Online/OnlineSubsystemUtils/OnlineSubsystemUtils.uplugin
LogPluginManager: Loaded Plugin IOSTapJoy, From D:/Program Files (x86)/Epic Games/4.14/Engine/Plugins/Runtime/Advertising/IOSTapJoy/IOSTapJoy.uplugin
LogPluginManager: Loaded Plugin AnalyticsBlueprintLibrary, From D:/Program Files (x86)/Epic Games/4.14/Engine/Plugins/Runtime/Analytics/AnalyticsBlueprintLibrary/AnalyticsBlueprintLibrary.uplugin
LogPluginManager: Loaded Plugin AnalyticsMulticast, From D:/Program Files (x86)/Epic Games/4.14/Engine/Plugins/Runtime/Analytics/AnalyticsMulticast/AnalyticsMulticast.uplugin
LogPluginManager: Loaded Plugin Apsalar, From D:/Program Files (x86)/Epic Games/4.14/Engine/Plugins/Runtime/Analytics/Apsalar/Apsalar.uplugin
LogPluginManager: Loaded Plugin FileLogging, From D:/Program Files (x86)/Epic Games/4.14/Engine/Plugins/Runtime/Analytics/FileLogging/FileLogging.uplugin
LogPluginManager: Loaded Plugin Flurry, From D:/Program Files (x86)/Epic Games/4.14/Engine/Plugins/Runtime/Analytics/Flurry/Flurry.uplugin
LogPluginManager: Loaded Plugin AndroidDeviceProfileSelector, From D:/Program Files (x86)/Epic Games/4.14/Engine/Plugins/Runtime/AndroidDeviceProfileSelector/AndroidDeviceProfileSelector.uplugin
LogPluginManager: Loaded Plugin AndroidMoviePlayer, From D:/Program Files (x86)/Epic Games/4.14/Engine/Plugins/Runtime/AndroidMoviePlayer/AndroidMoviePlayer.uplugin
LogPluginManager: Loaded Plugin AppleMoviePlayer, From D:/Program Files (x86)/Epic Games/4.14/Engine/Plugins/Runtime/AppleMoviePlayer/AppleMoviePlayer.uplugin
LogPluginManager: Loaded Plugin ArchVisCharacter, From D:/Program Files (x86)/Epic Games/4.14/Engine/Plugins/Runtime/ArchVisCharacter/ArchVisCharacter.uplugin
LogPluginManager: Loaded Plugin CableComponent, From D:/Program Files (x86)/Epic Games/4.14/Engine/Plugins/Runtime/CableComponent/CableComponent.uplugin
LogPluginManager: Loaded Plugin CustomMeshComponent, From D:/Program Files (x86)/Epic Games/4.14/Engine/Plugins/Runtime/CustomMeshComponent/CustomMeshComponent.uplugin
LogPluginManager: Loaded Plugin ExampleDeviceProfileSelector, From D:/Program Files (x86)/Epic Games/4.14/Engine/Plugins/Runtime/ExampleDeviceProfileSelector/ExampleDeviceProfileSelector.uplugin
LogPluginManager: Loaded Plugin GearVR, From D:/Program Files (x86)/Epic Games/4.14/Engine/Plugins/Runtime/GearVR/GearVR.uplugin
LogPluginManager: Loaded Plugin GoogleVRController, From D:/Program Files (x86)/Epic Games/4.14/Engine/Plugins/Runtime/GoogleVR/GoogleVRController/GoogleVRController.uplugin
LogPluginManager: Loaded Plugin GoogleVRHMD, From D:/Program Files (x86)/Epic Games/4.14/Engine/Plugins/Runtime/GoogleVR/GoogleVRHMD/GoogleVRHMD.uplugin
LogPluginManager: Loaded Plugin IOSDeviceProfileSelector, From D:/Program Files (x86)/Epic Games/4.14/Engine/Plugins/Runtime/IOSDeviceProfileSelector/IOSDeviceProfileSelector.uplugin
LogPluginManager: Loaded Plugin LeapMotion, From D:/Program Files (x86)/Epic Games/4.14/Engine/Plugins/Runtime/LeapMotion/LeapMotion.uplugin
LogPluginManager: Loaded Plugin LinuxDeviceProfileSelector, From D:/Program Files (x86)/Epic Games/4.14/Engine/Plugins/Runtime/LinuxDeviceProfileSelector/LinuxDeviceProfileSelector.uplugin
LogPluginManager: Loaded Plugin MIDIDevice, From D:/Program Files (x86)/Epic Games/4.14/Engine/Plugins/Runtime/MIDIDevice/MIDIDevice.uplugin
LogPluginManager: Loaded Plugin MobilePatchingUtils, From D:/Program Files (x86)/Epic Games/4.14/Engine/Plugins/Runtime/MobilePatchingUtils/MobilePatchingUtils.uplugin
LogPluginManager: Loaded Plugin Ansel, From D:/Program Files (x86)/Epic Games/4.14/Engine/Plugins/Runtime/Nvidia/Ansel/Ansel.uplugin
LogPluginManager: Loaded Plugin OculusAudio, From D:/Program Files (x86)/Epic Games/4.14/Engine/Plugins/Runtime/OculusAudio/OculusAudio.uplugin
LogPluginManager: Loaded Plugin OculusInput, From D:/Program Files (x86)/Epic Games/4.14/Engine/Plugins/Runtime/OculusInput/OculusInput.uplugin
LogPluginManager: Loaded Plugin OculusLibrary, From D:/Program Files (x86)/Epic Games/4.14/Engine/Plugins/Runtime/OculusLibrary/OculusLibrary.uplugin
LogPluginManager: Loaded Plugin OculusRift, From D:/Program Files (x86)/Epic Games/4.14/Engine/Plugins/Runtime/OculusRift/OculusRift.uplugin
LogPluginManager: Loaded Plugin Oodle, From D:/Program Files (x86)/Epic Games/4.14/Engine/Plugins/Runtime/PacketHandlers/CompressionComponents/Oodle/Oodle.uplugin
LogPluginManager: Loaded Plugin ProceduralMeshComponent, From D:/Program Files (x86)/Epic Games/4.14/Engine/Plugins/Runtime/ProceduralMeshComponent/ProceduralMeshComponent.uplugin
LogPluginManager: Loaded Plugin SoundMod, From D:/Program Files (x86)/Epic Games/4.14/Engine/Plugins/Runtime/SoundMod/SoundMod.uplugin
LogPluginManager: Loaded Plugin SoundVisualizations, From D:/Program Files (x86)/Epic Games/4.14/Engine/Plugins/Runtime/SoundVisualizations/SoundVisualizations.uplugin
LogPluginManager: Loaded Plugin SteamController, From D:/Program Files (x86)/Epic Games/4.14/Engine/Plugins/Runtime/Steam/SteamController/SteamController.uplugin
LogPluginManager: Loaded Plugin SteamVR, From D:/Program Files (x86)/Epic Games/4.14/Engine/Plugins/Runtime/Steam/SteamVR/SteamVR.uplugin
LogPluginManager: Loaded Plugin WebBrowserWidget, From D:/Program Files (x86)/Epic Games/4.14/Engine/Plugins/Runtime/WebBrowserWidget/WebBrowserWidget.uplugin
LogPluginManager: Loaded Plugin WindowsDeviceProfileSelector, From D:/Program Files (x86)/Epic Games/4.14/Engine/Plugins/Runtime/WindowsDeviceProfileSelector/WindowsDeviceProfileSelector.uplugin
LogPluginManager: Loaded Plugin WindowsMoviePlayer, From D:/Program Files (x86)/Epic Games/4.14/Engine/Plugins/Runtime/WindowsMoviePlayer/WindowsMoviePlayer.uplugin
LogPluginManager: Loaded Plugin ScriptPlugin, From D:/Program Files (x86)/Epic Games/4.14/Engine/Plugins/ScriptPlugin/ScriptPlugin.uplugin
LogPluginManager: Loaded Plugin SlateRemote, From D:/Program Files (x86)/Epic Games/4.14/Engine/Plugins/Slate/SlateRemote/SlateRemote.uplugin
LogPluginManager: Loaded Plugin EditorTests, From D:/Program Files (x86)/Epic Games/4.14/Engine/Plugins/Tests/EditorTests/EditorTests.uplugin
LogPluginManager: Loaded Plugin FbxAutomationTestBuilder, From D:/Program Files (x86)/Epic Games/4.14/Engine/Plugins/Tests/FbxAutomationTestBuilder/FbxAutomationTestBuilder.uplugin
LogPluginManager: Loaded Plugin FunctionalTestingEditor, From D:/Program Files (x86)/Epic Games/4.14/Engine/Plugins/Tests/FunctionalTestingEditor/FunctionalTestingEditor.uplugin
LogPluginManager: Loaded Plugin RuntimeTests, From D:/Program Files (x86)/Epic Games/4.14/Engine/Plugins/Tests/RuntimeTests/RuntimeTests.uplugin
LogPluginManager: Loaded Plugin ScreenshotTools, From D:/Program Files (x86)/Epic Games/4.14/Engine/Plugins/Tests/ScreenshotTools/ScreenshotTools.uplugin
LogInit: Using libcurl 7.47.1
LogInit:  - built for x86_64-pc-win32
LogInit:  - supports SSL with OpenSSL/1.0.2g
LogInit:  - supports HTTP deflate (compression) using libz 1.2.8
LogInit:  - other features:
LogInit:      CURL_VERSION_SSL
LogInit:      CURL_VERSION_LIBZ
LogInit:      CURL_VERSION_IPV6
LogInit:      CURL_VERSION_ASYNCHDNS
LogInit:      CURL_VERSION_LARGEFILE
LogInit:      CURL_VERSION_IDN
LogInit:  CurlRequestOptions (configurable via config and command line):
LogInit:  - bVerifyPeer = false  - Libcurl will NOT verify peer certificate
LogInit:  - bUseHttpProxy = false  - Libcurl will NOT use HTTP proxy
LogInit:  - bDontReuseConnections = false  - Libcurl will reuse connections
LogInit:  - CertBundlePath = nullptr  - Libcurl will use whatever was configured at build time.
LogInit: Build: ++UE4+Release-4.14-CL-3249277
LogInit: Engine Version: 4.14.3-3249277+++UE4+Release-4.14
LogInit: Compatible Engine Version: 4.14.0-3195953+++UE4+Release-4.14
LogInit: Net CL: 3195953
LogDevObjectVersion: Number of dev versions registered: 13
LogDevObjectVersion:   Dev-Blueprints (B0D832E4-1F89-4F0D-ACCF-7EB736FD4AA2): 7
LogDevObjectVersion:   Dev-Build (E1C64328-A22C-4D53-A36C-8E866417BD8C): 0
LogDevObjectVersion:   Dev-Core (375EC13C-06E4-48FB-B500-84F0262A717E): 1
LogDevObjectVersion:   Dev-Editor (E4B068ED-F494-42E9-A231-DA0B2E46BB41): 8
LogDevObjectVersion:   Dev-Framework (CFFC743F-43B0-4480-9391-14DF171D2073): 17
LogDevObjectVersion:   Dev-Mobile (B02B49B5-BB20-44E9-A304-32B752E40360): 0
LogDevObjectVersion:   Dev-Networking (A4E4105C-59A1-49B5-A7C5-40C4547EDFEE): 0
LogDevObjectVersion:   Dev-Online (39C831C9-5AE6-47DC-9A44-9C173E1C8E7C): 0
LogDevObjectVersion:   Dev-Physics (78F01B33-EBEA-4F98-B9B4-84EACCB95AA2): 0
LogDevObjectVersion:   Dev-Platform (6631380F-2D4D-43E0-8009-CF276956A95A): 0
LogDevObjectVersion:   Dev-Rendering (12F88B9F-8875-4AFC-A67C-D90C383ABD29): 12
LogDevObjectVersion:   Dev-Sequencer (7B5AE74C-D270-4C10-A958-57980B212A5A): 1
LogDevObjectVersion:   Dev-VR (D7296918-1DD6-4BDD-9DE2-64A83CC13884): 0
LogInit: Compiled (64-bit): Jan  6 2017 10:49:43
LogInit: Compiled with Visual C++: 19.00.23026.00
LogInit: Build Configuration: Development
LogInit: Branch Name: ++UE4+Release-4.14
LogInit: Command line: 
LogInit: Base directory: D:/Program Files (x86)/Epic Games/4.14/Engine/Binaries/Win64/
LogInit: Installed Engine Build: 1
LogInit: Presizing for max 8388607 objects, including 0 objects not considered by GC, pre-allocating 0 bytes for permanent pool.
LogInit: Object subsystem initialized
[2017.01.25-20.50.55:946][  0]LogInit: Selected Device Profile: [Windows]
[2017.01.25-20.50.55:946][  0]LogInit: Applying CVar settings loaded from the selected device profile: [Windows]
[2017.01.25-20.50.55:955][  0]LogInit: Computer: DESKTOP-GULURJP
[2017.01.25-20.50.55:955][  0]LogInit: User: User
[2017.01.25-20.50.55:955][  0]LogInit: CPU Page size=65536, Cores=4
[2017.01.25-20.50.55:955][  0]LogInit: High frequency timer resolution =3.312789 MHz
[2017.01.25-20.50.55:955][  0]LogMemory: Memory total: Physical=15.9GB (16GB approx)
[2017.01.25-20.50.55:955][  0]LogMemory: Platform Memory Stats for Windows
[2017.01.25-20.50.55:955][  0]LogMemory: Process Physical Memory: 263.79 MB used, 263.79 MB peak
[2017.01.25-20.50.55:955][  0]LogMemory: Process Virtual Memory: 262.55 MB used, 262.55 MB peak
[2017.01.25-20.50.55:955][  0]LogMemory: Physical Memory: 5515.79 MB used,  10813.05 MB free, 16328.84 MB total
[2017.01.25-20.50.55:955][  0]LogMemory: Virtual Memory: 675.60 MB used,  10813.05 MB free, 134217728.00 MB total
[2017.01.25-20.50.55:985][  0]LogTextLocalizationManager: No specific translations for ('en-GB') exist, so ('en') translations will be used.
[2017.01.25-20.50.56:613][  0]LogD3D11RHI: D3D11 adapters:
[2017.01.25-20.50.56:649][  0]LogD3D11RHI:    0. 'NVIDIA GeForce GTX 960' (Feature Level 11_0)
[2017.01.25-20.50.56:649][  0]LogD3D11RHI:       2016/0/8164 MB DedicatedVideo/DedicatedSystem/SharedSystem, Outputs:1, VendorId:0x10de
[2017.01.25-20.50.56:650][  0]LogD3D11RHI:    1. 'Microsoft Basic Render Driver' (Feature Level 11_0)
[2017.01.25-20.50.56:650][  0]LogD3D11RHI:       0/0/8164 MB DedicatedVideo/DedicatedSystem/SharedSystem, Outputs:0, VendorId:0x1414
[2017.01.25-20.50.56:650][  0]LogD3D11RHI: Chosen D3D11 Adapter: 0
[2017.01.25-20.50.56:653][  0]LogD3D11RHI: Creating new Direct3DDevice
[2017.01.25-20.50.56:654][  0]LogD3D11RHI:     GPU DeviceId: 0x1401 (for the marketing name, search the web for "GPU Device Id")
[2017.01.25-20.50.56:654][  0]LogWindows: EnumDisplayDevices:
[2017.01.25-20.50.56:654][  0]LogWindows:    0. 'NVIDIA GeForce GTX 960' (P:1 D:1)
[2017.01.25-20.50.56:654][  0]LogWindows:    1. 'NVIDIA GeForce GTX 960' (P:0 D:0)
[2017.01.25-20.50.56:654][  0]LogWindows:    2. 'NVIDIA GeForce GTX 960' (P:0 D:0)
[2017.01.25-20.50.56:654][  0]LogWindows:    3. 'NVIDIA GeForce GTX 960' (P:0 D:0)
[2017.01.25-20.50.56:654][  0]LogWindows: DebugString: FoundDriverCount:4 
[2017.01.25-20.50.56:654][  0]LogD3D11RHI:     Adapter Name: NVIDIA GeForce GTX 960
[2017.01.25-20.50.56:654][  0]LogD3D11RHI:   Driver Version: 376.33 (internal:21.21.13.7633, unified:376.33)
[2017.01.25-20.50.56:654][  0]LogD3D11RHI:      Driver Date: 12-11-2016
[2017.01.25-20.50.56:654][  0]LogRHI: Texture pool is 1361 MB (70% of 1945 MB)
[2017.01.25-20.50.56:667][  0]LogD3D11RHI: Async texture creation enabled
[2017.01.25-20.50.56:677][  0]LogD3D11RHI: GPU Timing Frequency: 1000.000000 (Debug: 2 1)
[2017.01.25-20.50.56:678][  0]LogShaderCompilers: Guid format shader working directory is -42 characters bigger than the processId version (../../../../../../Users/User/Documents/Unreal Projects/VR_Cooking/VR_Cooking/VR_Cooking/Intermediate/Shaders/WorkingDirectory/9824/).
[2017.01.25-20.50.56:678][  0]LogShaderCompilers: Cleaned the shader compiler working directory 'C:/Users/User/AppData/Local/Temp/UnrealShaderWorkingDir/AAD0E2AE4621B09AE86B3EB706FBE2DD/'.
[2017.01.25-20.50.56:678][  0]LogShaderCompilers:Display: Using Local Shader Compiler.
[2017.01.25-20.50.57:748][  0]LogTemp:Display: Loaded TP AllDesktopTargetPlatform
[2017.01.25-20.50.57:801][  0]LogTemp:Display: Loaded TP MacClientTargetPlatform
[2017.01.25-20.50.57:851][  0]LogTemp:Display: Loaded TP MacNoEditorTargetPlatform
[2017.01.25-20.50.57:901][  0]LogTemp:Display: Loaded TP MacServerTargetPlatform
[2017.01.25-20.50.57:958][  0]LogTemp:Display: Loaded TP MacTargetPlatform
[2017.01.25-20.50.58:012][  0]LogTemp:Display: Loaded TP WindowsClientTargetPlatform
[2017.01.25-20.50.58:070][  0]LogTemp:Display: Loaded TP WindowsNoEditorTargetPlatform
[2017.01.25-20.50.58:121][  0]LogTemp:Display: Loaded TP WindowsServerTargetPlatform
[2017.01.25-20.50.58:158][  0]LogTemp:Display: Loaded TP WindowsTargetPlatform
[2017.01.25-20.50.58:210][  0]LogTemp:Display: Loaded TP AndroidTargetPlatform
[2017.01.25-20.50.58:260][  0]LogTemp:Display: Loaded TP Android_ASTCTargetPlatform
[2017.01.25-20.50.58:308][  0]LogTemp:Display: Loaded TP Android_ATCTargetPlatform
[2017.01.25-20.50.58:361][  0]LogTemp:Display: Loaded TP Android_DXTTargetPlatform
[2017.01.25-20.50.58:413][  0]LogTemp:Display: Loaded TP Android_ETC1TargetPlatform
[2017.01.25-20.50.58:466][  0]LogTemp:Display: Loaded TP Android_ETC2TargetPlatform
[2017.01.25-20.50.58:569][  0]LogTemp:Display: Loaded TP Android_MultiTargetPlatform
[2017.01.25-20.50.58:569][  0]LogTemp:Display: Loaded TP Android_PVRTCTargetPlatform
[2017.01.25-20.50.58:599][  0]LogTemp:Display: Loaded TP HTML5TargetPlatform
[2017.01.25-20.50.58:677][  0]LogTemp:Display: Loaded TP IOSTargetPlatform
[2017.01.25-20.50.58:713][  0]LogTemp:Display: Loaded TP TVOSTargetPlatform
[2017.01.25-20.50.58:760][  0]LogTemp:Display: Loaded TP LinuxClientTargetPlatform
[2017.01.25-20.50.58:817][  0]LogTemp:Display: Loaded TP LinuxNoEditorTargetPlatform
[2017.01.25-20.50.58:870][  0]LogTemp:Display: Loaded TP LinuxServerTargetPlatform
[2017.01.25-20.50.58:923][  0]LogTemp:Display: Loaded TP LinuxTargetPlatform
[2017.01.25-20.50.58:923][  0]LogTargetPlatformManager:Display: Building Assets For Windows
[2017.01.25-20.50.59:261][  0]LogDerivedDataCache:Display: Max Cache Size: 512 MB
[2017.01.25-20.50.59:317][  0]LogDerivedDataCache: Loaded boot cache 0.06s 50MB C:/Users/User/AppData/Local/UnrealEngine/4.14/DerivedDataCache/Boot.ddc.
[2017.01.25-20.50.59:317][  0]LogDerivedDataCache:Display: Loaded Boot cache: C:/Users/User/AppData/Local/UnrealEngine/4.14/DerivedDataCache/Boot.ddc
[2017.01.25-20.50.59:317][  0]LogDerivedDataCache: FDerivedDataBackendGraph:  Pak pak cache file ../../../../../../Users/User/Documents/Unreal Projects/VR_Cooking/VR_Cooking/VR_Cooking/DerivedDataCache/DDC.ddp not found, will not use a pak cache.
[2017.01.25-20.50.59:317][  0]LogDerivedDataCache: Unable to find inner node Pak for hierarchical cache Hierarchy.
[2017.01.25-20.50.59:317][  0]LogDerivedDataCache: FDerivedDataBackendGraph:  CompressedPak pak cache file ../../../../../../Users/User/Documents/Unreal Projects/VR_Cooking/VR_Cooking/VR_Cooking/DerivedDataCache/Compressed.ddp not found, will not use a pak cache.
[2017.01.25-20.50.59:317][  0]LogDerivedDataCache: Unable to find inner node CompressedPak for hierarchical cache Hierarchy.
[2017.01.25-20.50.59:336][  0]LogDerivedDataCache:Display: Pak cache opened for reading ../../../Engine/DerivedDataCache/Compressed.ddp.
[2017.01.25-20.50.59:348][  0]LogDerivedDataCache: Using Local data cache path C:/Users/User/AppData/Local/UnrealEngine/Common/DerivedDataCache: Writable
[2017.01.25-20.50.59:590][  0]LogInit: Selected Device Profile: [Windows]
[2017.01.25-20.50.59:594][  0]LogContentStreaming: Texture pool size is 0.00 MB
[2017.01.25-20.50.59:794][  0]LogMeshUtilities: Using QuadricMeshReduction for automatic static mesh reduction
[2017.01.25-20.50.59:835][  0]LogSimplygon: Simplygon DLL not present - disabling.
[2017.01.25-20.50.59:871][  0]LogMeshUtilities: Using SimplygonSwarm for distributed automatic mesh merging
[2017.01.25-20.50.59:871][  0]LogMeshUtilities: No automatic skeletal mesh reduction module available
[2017.01.25-20.50.59:871][  0]LogMeshUtilities: No automatic mesh merging module available
[2017.01.25-20.51.00:418][  0]LogNetVersion: GetLocalNetworkVersion: CL: 3195953, ProjectName: vr_cooking, ProjectVersion: , EngineNetworkVersion: 2, GameNetworkVersion: 0, NetworkChecksum: 2717468992
[2017.01.25-20.51.00:470][  0]LogAssetRegistry: FAssetRegistry took 0.0217 seconds to start up
[2017.01.25-20.51.00:519][  0]LogPackageLocalizationCache: Processed 3 localized package path(s) for 2 prioritized culture(s) in 0.027813 seconds
[2017.01.25-20.51.00:527][  0]LogUObjectArray: 31996 objects as part of root set at end of initial load.
[2017.01.25-20.51.00:527][  0]LogUObjectAllocator: 6944904 out of 0 bytes used by permanent object pool.
[2017.01.25-20.51.00:527][  0]LogUObjectArray: CloseDisregardForGC: 0/0 objects in disregard for GC pool
[2017.01.25-20.51.00:579][  0]LogInit: WinSock: version 1.1 (2.2), MaxSocks=32767, MaxUdp=65467
[2017.01.25-20.51.01:237][  0]LogSlate: Using Freetype 2.6.0
[2017.01.25-20.51.01:237][  0]LogSlate: SlateFontCache - WITH_FREETYPE: 1, WITH_HARFBUZZ: 1
[2017.01.25-20.51.01:237][  0]LogSlate: SlateFontCache - WITH_FREETYPE: 1, WITH_HARFBUZZ: 1
[2017.01.25-20.51.02:005][  0]LogTcpMessaging: Initializing TcpMessaging bridge
[2017.01.25-20.51.02:047][  0]LogUdpMessaging: Initializing bridge on interface 0.0.0.0:0 to multicast group 230.0.0.1:6666.
[2017.01.25-20.51.02:328][  0]LogMaterial: Uniform references updated for custom material expression Custom.
[2017.01.25-20.51.02:674][  0]SourceControl: Info Source control is disabled
[2017.01.25-20.51.02:674][  0]SourceControl: Info Source control is disabled
[2017.01.25-20.51.02:717][  0]SourceControl: Info Source control is disabled
[2017.01.25-20.51.02:753][  0]SourceControl: Info Source control is disabled
[2017.01.25-20.51.03:827][  0]LogEngine: Initializing Engine...
[2017.01.25-20.51.03:827][  0]LogHMD: GoogleVR API created
[2017.01.25-20.51.04:053][  0]LogAIModule: Creating AISystem for world Untitled
[2017.01.25-20.51.04:061][  0]LogInit: XAudio2 using 'Speakers (Realtek High Definition Audio)' : 2 channels at 48 kHz using 32 bits per sample (channel mask 0x3)
[2017.01.25-20.51.04:077][  0]LogInit: FAudioDevice initialized.
[2017.01.25-20.51.04:106][  0]LogDerivedDataCache: Saved boot cache 0.03s 50MB C:/Users/User/AppData/Local/UnrealEngine/4.14/DerivedDataCache/Boot.ddc.
[2017.01.25-20.51.04:111][  0]LogInit: Texture streaming: Enabled
[2017.01.25-20.51.04:269][  0]LogInit: Transaction tracking system initialized
[2017.01.25-20.51.04:555][  0]BlueprintLog: New page: Editor Load
[2017.01.25-20.51.05:295][  0]LocalizationService: Info Localization service is disabled
[2017.01.25-20.51.06:222][  0]LogConsoleResponse:Display: 
[2017.01.25-20.51.06:350][  0]LogFileCache: Scanning file cache for directory 'D:/Users/User/Documents/Unreal Projects/VR_Cooking/VR_Cooking/VR_Cooking/Content/' took 0.01s
[2017.01.25-20.51.06:350][  0]LogCook:Display: Max memory allowance for cook 16384mb min free memory 0mb
[2017.01.25-20.51.06:350][  0]LogCook:Display: Mobile HDR setting 1
[2017.01.25-20.51.07:146][  0]SourceControl: Info Source control is disabled
[2017.01.25-20.51.07:146][  0]Cmd: MAP LOAD FILE="../../../../../../Users/User/Documents/Unreal Projects/VR_Cooking/VR_Cooking/VR_Cooking/Content/EntryLevel.umap" TEMPLATE=0 SHOWPROGRESS=1 FEATURELEVEL=3
[2017.01.25-20.51.07:148][  0]LightingResults: New page: Lighting Build
[2017.01.25-20.51.07:182][  0]MapCheck: New page: Map Check
[2017.01.25-20.51.07:182][  0]LightingResults: New page: Lighting Build
[2017.01.25-20.51.07:443][  0]LogAIModule: Creating AISystem for world EntryLevel
[2017.01.25-20.51.07:449][  0]LogEditorServer: Finished looking for orphan Actors (0.000 secs)
[2017.01.25-20.51.07:450][  0]Cmd: MAP CHECKDEP NOCLEARLOG
[2017.01.25-20.51.07:483][  0]MapCheck: Info Map check complete: 0 Error(s), 0 Warning(s), took 32.812ms to complete.
[2017.01.25-20.51.07:483][  0]LogFileHelpers: Loading map 'EntryLevel' took 0.336
[2017.01.25-20.51.07:544][  0]LogWindowsTextInputMethodSystem:Display: IME system now deactivated.
[2017.01.25-20.51.07:544][  0]LogWindowsTextInputMethodSystem:Display: IME system now deactivated.
[2017.01.25-20.51.07:621][  0]LogCollectionManager: Loaded 0 collections in 0.000753 seconds
[2017.01.25-20.51.07:696][  0]LogFileCache: Scanning file cache for directory 'D:/Users/User/Documents/Unreal Projects/VR_Cooking/VR_Cooking/VR_Cooking/Saved/Collections/' took 0.01s
[2017.01.25-20.51.07:696][  0]LogFileCache: Scanning file cache for directory 'D:/Users/User/Documents/Unreal Projects/VR_Cooking/VR_Cooking/VR_Cooking/Content/Developers/User/Collections/' took 0.01s
[2017.01.25-20.51.07:696][  0]LogFileCache: Scanning file cache for directory 'D:/Users/User/Documents/Unreal Projects/VR_Cooking/VR_Cooking/VR_Cooking/Content/Collections/' took 0.01s
[2017.01.25-20.51.07:696][  0]LogCollectionManager: Rebuilt the GUID cache for 0 collections in 0.000002 seconds
[2017.01.25-20.51.07:706][  0]LogContentBrowser: Native class hierarchy populated in 0.0092 seconds. Added 2191 classes and 431 folders.
[2017.01.25-20.51.07:746][  0]LogStats: UGameplayTagsManager::ConstructGameplayTagTree: Construct from data asset -  0.000 s
[2017.01.25-20.51.07:746][  0]LogStats: UGameplayTagsManager::ConstructGameplayTagTree: GameplayTagTreeChangedEvent.Broadcast -  0.000 s
[2017.01.25-20.51.07:746][  0]LogContentBrowser: Native class hierarchy updated for 'GameplayTags' in 0.0005 seconds. Added 13 classes and 0 folders.
[2017.01.25-20.51.07:800][  0]LogContentBrowser: Native class hierarchy updated for 'WidgetCarousel' in 0.0005 seconds. Added 0 classes and 0 folders.
[2017.01.25-20.51.07:833][  0]LogContentBrowser: Native class hierarchy updated for 'AddContentDialog' in 0.0005 seconds. Added 0 classes and 0 folders.
[2017.01.25-20.51.07:874][  0]LogContentBrowser: Native class hierarchy updated for 'SceneOutliner' in 0.0015 seconds. Added 1 classes and 2 folders.
[2017.01.25-20.51.07:907][  0]LogCrashTracker: Crashtracker disabled due to settings.
[2017.01.25-20.51.07:912][  0]LogUObjectGlobals:Warning: Failed to find object 'Class None.'
[2017.01.25-20.51.07:967][  0]LogContentBrowser: Native class hierarchy updated for 'HierarchicalLODOutliner' in 0.0006 seconds. Added 1 classes and 2 folders.
[2017.01.25-20.51.07:967][  0]LogLoad: (Engine Initialization) Total time: 13.30 seconds
[2017.01.25-20.51.07:967][  0]LogLoad: (Engine Initialization) Total Blueprint compile time: 0.09 seconds
[2017.01.25-20.51.07:967][  0]LogExternalProfiler: No external profilers were discovered.  External profiling features will not be available.
[2017.01.25-20.51.07:977][  0]LogOcInput: OculusInput pre-init called
[2017.01.25-20.51.07:997][  0]LogContentStreaming: Texture pool size now 1000 MB
[2017.01.25-20.51.08:121][  1]LogAssetRegistry: Asset discovery search completed in 7.6724 seconds
[2017.01.25-20.51.08:121][  1]LogCollectionManager: Rebuilt the object cache for 0 collections in 0.000001 seconds (found 0 objects)
[2017.01.25-20.51.08:121][  1]LogCollectionManager: Fixed up redirectors for 0 collections in 0.000019 seconds (updated 0 objects)
[2017.01.25-20.51.08:160][  2]LogRenderer: Reallocating scene render targets to support 828x388 NumSamples 1 (Frame:2).
[2017.01.25-20.51.40:317][733]LogTexture:Display: Building textures: T_CleanFloorGrunge_01_D (AutoDXT)
[2017.01.25-20.51.41:818][733]LogAIModule: Creating AISystem for world test
[2017.01.25-20.51.41:847][733]Cmd: MAP LOAD FILE="../../../../../../Users/User/Documents/Unreal Projects/VR_Cooking/VR_Cooking/VR_Cooking/Content/test.umap" TEMPLATE=0 SHOWPROGRESS=1 FEATURELEVEL=3
[2017.01.25-20.51.41:847][733]LightingResults: New page: Lighting Build
[2017.01.25-20.51.41:847][733]LoadErrors: New page: Loading map: test.umap
[2017.01.25-20.51.41:848][733]MapCheck: New page: Map Check
[2017.01.25-20.51.41:848][733]LightingResults: New page: Lighting Build
[2017.01.25-20.51.41:879][733]LogEditorServer: Finished looking for orphan Actors (0.000 secs)
[2017.01.25-20.51.41:897][733]Cmd: MAP CHECKDEP NOCLEARLOG
[2017.01.25-20.51.41:929][733]MapCheck: Info Map check complete: 0 Error(s), 0 Warning(s), took 31.58ms to complete.
[2017.01.25-20.51.41:929][733]LogFileHelpers: Loading map 'test' took 0.083
[2017.01.25-20.52.00:368][491]Cmd: MAP LOAD FILE="../../../Engine/Content/Maps/Templates/VR-Basic.umap" TEMPLATE=1 SHOWPROGRESS=1 FEATURELEVEL=3
[2017.01.25-20.52.00:382][491]LightingResults: New page: Lighting Build
[2017.01.25-20.52.00:383][491]LoadErrors: New page: Loading map: VR-Basic.umap
[2017.01.25-20.52.00:388][491]MapCheck: New page: Map Check
[2017.01.25-20.52.00:388][491]LightingResults: New page: Lighting Build
[2017.01.25-20.52.00:411][491]LogAIModule: Creating AISystem for world Untitled_1
[2017.01.25-20.52.00:413][491]LogActorComponent: RegisterComponentWithWorld: (/Temp/Untitled_1.Untitled_1:PersistentLevel.WorldSettings_1.StaticMeshComponent0) Trying to register component with IsPendingKill() == true. Aborting.
[2017.01.25-20.52.00:418][491]LogEditorServer: Finished looking for orphan Actors (0.000 secs)
[2017.01.25-20.52.00:422][491]Cmd: MAP CHECKDEP NOCLEARLOG
[2017.01.25-20.52.00:458][491]MapCheck: Info Map check complete: 0 Error(s), 0 Warning(s), took 35.473ms to complete.
[2017.01.25-20.52.00:458][491]LogFileHelpers: Loading map 'VR-Basic' took 0.091
[2017.01.25-20.52.00:521][495]LogEditorViewport: Clicking on Actor (LMB): StaticMeshActor (Cube)
[2017.01.25-20.52.17:656][299]LogSavePackage: Save=77.11ms
[2017.01.25-20.52.17:656][299]LogSavePackage: Moving '../../../../../../Users/User/Documents/Unreal Projects/VR_Cooking/VR_Cooking/VR_Cooking/Saved/test2DDBC1B9F42F1EE0122E98583442DF22A.tmp' to '../../../../../../Users/User/Documents/Unreal Projects/VR_Cooking/VR_Cooking/VR_Cooking/Content/Maps/test2.umap'
[2017.01.25-20.52.17:658][299]LogSavePackage:Display: Finished SavePackage ../../../../../../Users/User/Documents/Unreal Projects/VR_Cooking/VR_Cooking/VR_Cooking/Content/Maps/test2.umap
[2017.01.25-20.52.17:680][299]LogFileHelpers: Saving map 'test2' took 0.372
[2017.01.25-20.52.25:231][ 85]LogWindowsTextInputMethodSystem:Display: IME system now deactivated.
[2017.01.25-20.52.25:231][ 85]LogWindowsTextInputMethodSystem:Display: IME system now deactivated.
[2017.01.25-20.52.25:420][ 86]Cmd: QUIT_EDITOR
[2017.01.25-20.52.25:481][ 86]LogExit: Preparing to exit.
[2017.01.25-20.52.26:183][ 86]LogDirectoryWatcher: A directory notification for 'D:/Users/User/Documents/Unreal Projects/VR_Cooking/VR_Cooking/VR_Cooking/Content/' was aborted.
[2017.01.25-20.52.26:199][ 86]LogExit: Editor shut down
[2017.01.25-20.52.26:200][ 86]LogExit: Transaction tracking system shut down
[2017.01.25-20.52.26:267][ 86]LogObj: Freed 0b from 0 cluster array pools.
[2017.01.25-20.52.26:267][ 86]LogExit: Object subsystem successfully closed.
[2017.01.25-20.52.26:276][ 86]LogD3D11RHI: Shutdown
[2017.01.25-20.52.26:277][ 86]LogD3D11RHI: CleanupD3DDevice
[2017.01.25-20.52.26:331][ 86]LogD3D11RHI: ~FD3D11DynamicRHI
[2017.01.25-20.52.26:343][ 86]LogHttp:Display: Http module shutting down, but needs to wait on 1 outstanding Http requests:
[2017.01.25-20.52.26:344][ 86]LogHttp:Display: 	verb=[POST] url=[https://datarouter.ol.epicgames.com/datarouter/api/v1/public/data?SessionID=%7B908575C1-42C2-4BF7-826E-A8BCDD80E579%7D&AppID=UEEditor.Rocket.Release&AppVersion=4.14.3-3249277%2B%2B%2BUE4%2BRelease-4.14&UserID=5856dfab41774c646e4c14a79ae686d6%7Ccf877ec7b562491495d4e9bb78db291b%7C6ba54777-86bb-428b-9cfd-34f38468cc20&AppEnvironment=datacollector-binary&UploadType=eteventstream] status=Processing
[2017.01.25-20.52.26:376][ 86]LogModuleManager: Shutting down and abandoning module NewLevelDialog (243)
[2017.01.25-20.52.26:376][ 86]LogModuleManager: Shutting down and abandoning module HierarchicalLODOutliner (242)
[2017.01.25-20.52.26:376][ 86]LogModuleManager: Shutting down and abandoning module CrashTracker (241)
[2017.01.25-20.52.26:376][ 86]LogModuleManager: Shutting down and abandoning module SceneOutliner (240)
[2017.01.25-20.52.26:376][ 86]LogModuleManager: Shutting down and abandoning module WidgetCarousel (239)
[2017.01.25-20.52.26:376][ 86]LogModuleManager: Shutting down and abandoning module AddContentDialog (238)
[2017.01.25-20.52.26:376][ 86]LogDirectoryWatcher: A directory notification for 'D:/Program Files (x86)/Epic Games/4.14/FeaturePacks/' was aborted.
[2017.01.25-20.52.26:377][ 86]LogModuleManager: Shutting down and abandoning module GameplayTags (237)
[2017.01.25-20.52.26:377][ 86]LogModuleManager: Shutting down and abandoning module EditorWidgets (236)
[2017.01.25-20.52.26:377][ 86]LogModuleManager: Shutting down and abandoning module CollectionManager (235)
[2017.01.25-20.52.26:377][ 86]LogDirectoryWatcher: A directory notification for 'D:/Users/User/Documents/Unreal Projects/VR_Cooking/VR_Cooking/VR_Cooking/Content/Collections/' was aborted.
[2017.01.25-20.52.26:377][ 86]LogDirectoryWatcher: A directory notification for 'D:/Users/User/Documents/Unreal Projects/VR_Cooking/VR_Cooking/VR_Cooking/Content/Developers/User/Collections/' was aborted.
[2017.01.25-20.52.26:377][ 86]LogDirectoryWatcher: A directory notification for 'D:/Users/User/Documents/Unreal Projects/VR_Cooking/VR_Cooking/VR_Cooking/Saved/Collections/' was aborted.
[2017.01.25-20.52.26:377][ 86]LogModuleManager: Shutting down and abandoning module StatsViewer (234)
[2017.01.25-20.52.26:377][ 86]LogModuleManager: Shutting down and abandoning module FoliageEdit (233)
[2017.01.25-20.52.26:377][ 86]LogModuleManager: Shutting down and abandoning module LandscapeEditor (232)
[2017.01.25-20.52.26:377][ 86]LogModuleManager: Shutting down and abandoning module SceneDepthPickerMode (231)
[2017.01.25-20.52.26:377][ 86]LogModuleManager: Shutting down and abandoning module ActorPickerMode (230)
[2017.01.25-20.52.26:377][ 86]LogModuleManager: Shutting down and abandoning module GeometryMode (229)
[2017.01.25-20.52.26:377][ 86]LogModuleManager: Shutting down and abandoning module TextureAlignMode (228)
[2017.01.25-20.52.26:377][ 86]LogModuleManager: Shutting down and abandoning module BspMode (227)
[2017.01.25-20.52.26:377][ 86]LogModuleManager: Shutting down and abandoning module HardwareSurvey (226)
[2017.01.25-20.52.26:377][ 86]LogModuleManager: Shutting down and abandoning module SequenceRecorderSections (225)
[2017.01.25-20.52.26:377][ 86]LogModuleManager: Shutting down and abandoning module AutomationWorker (224)
[2017.01.25-20.52.26:377][ 86]LogModuleManager: Shutting down and abandoning module MatineeToLevelSequence (223)
[2017.01.25-20.52.26:377][ 86]LogModuleManager: Shutting down and abandoning module PlacementMode (222)
[2017.01.25-20.52.26:377][ 86]LogModuleManager: Shutting down and abandoning module LevelSequenceEditor (221)
[2017.01.25-20.52.26:377][ 86]LogModuleManager: Shutting down and abandoning module WmfMediaFactory (220)
[2017.01.25-20.52.26:377][ 86]LogModuleManager: Shutting down and abandoning module WmfMediaEditor (219)
[2017.01.25-20.52.26:377][ 86]LogModuleManager: Shutting down and abandoning module AvfMediaFactory (218)
[2017.01.25-20.52.26:377][ 86]LogModuleManager: Shutting down and abandoning module AvfMediaEditor (217)
[2017.01.25-20.52.26:377][ 86]LogModuleManager: Shutting down and abandoning module Media (216)
[2017.01.25-20.52.26:377][ 86]LogModuleManager: Shutting down and abandoning module AndroidMediaFactory (215)
[2017.01.25-20.52.26:377][ 86]LogModuleManager: Shutting down and abandoning module AndroidMediaEditor (214)
[2017.01.25-20.52.26:377][ 86]LogModuleManager: Shutting down and abandoning module CharacterAI (213)
[2017.01.25-20.52.26:377][ 86]LogModuleManager: Shutting down and abandoning module SequenceRecorder (212)
[2017.01.25-20.52.26:378][ 86]LogModuleManager: Shutting down and abandoning module AudioCapture (211)
[2017.01.25-20.52.26:378][ 86]LogModuleManager: Shutting down and abandoning module SmartSnapping (210)
[2017.01.25-20.52.26:378][ 86]LogModuleManager: Shutting down and abandoning module SessionServices (209)
[2017.01.25-20.52.26:378][ 86]LogModuleManager: Shutting down and abandoning module ViewportSnapping (208)
[2017.01.25-20.52.26:378][ 86]LogModuleManager: Shutting down and abandoning module ViewportInteraction (207)
[2017.01.25-20.52.26:378][ 86]LogModuleManager: Shutting down and abandoning module LogVisualizer (206)
[2017.01.25-20.52.26:378][ 86]LogModuleManager: Shutting down and abandoning module GameProjectGeneration (205)
[2017.01.25-20.52.26:378][ 86]LogModuleManager: Shutting down and abandoning module IntroTutorials (204)
[2017.01.25-20.52.26:378][ 86]LogModuleManager: Shutting down and abandoning module EditorLiveStreaming (203)
[2017.01.25-20.52.26:378][ 86]LogModuleManager: Shutting down and abandoning module IOSPlatformEditor (202)
[2017.01.25-20.52.26:378][ 86]LogModuleManager: Shutting down and abandoning module HTML5PlatformEditor (201)
[2017.01.25-20.52.26:378][ 86]LogModuleManager: Shutting down and abandoning module AndroidDeviceDetection (200)
[2017.01.25-20.52.26:850][ 86]LogModuleManager: Shutting down and abandoning module AndroidPlatformEditor (199)
[2017.01.25-20.52.26:850][ 86]LogModuleManager: Shutting down and abandoning module IOSRuntimeSettings (198)
[2017.01.25-20.52.26:850][ 86]LogModuleManager: Shutting down and abandoning module AndroidRuntimeSettings (197)
[2017.01.25-20.52.26:850][ 86]LogModuleManager: Shutting down and abandoning module InputBindingEditor (196)
[2017.01.25-20.52.26:850][ 86]LogModuleManager: Shutting down and abandoning module NiagaraEditor (195)
[2017.01.25-20.52.26:850][ 86]LogModuleManager: Shutting down and abandoning module MergeActors (194)
[2017.01.25-20.52.26:850][ 86]LogModuleManager: Shutting down and abandoning module SizeMap (193)
[2017.01.25-20.52.26:850][ 86]LogModuleManager: Shutting down and abandoning module TreeMap (192)
[2017.01.25-20.52.26:850][ 86]LogModuleManager: Shutting down and abandoning module ReferenceViewer (191)
[2017.01.25-20.52.26:850][ 86]LogModuleManager: Shutting down and abandoning module LocalizationService (190)
[2017.01.25-20.52.26:850][ 86]LogModuleManager: Shutting down and abandoning module LocalizationDashboard (189)
[2017.01.25-20.52.26:850][ 86]LogModuleManager: Shutting down and abandoning module HardwareTargeting (188)
[2017.01.25-20.52.26:850][ 86]LogModuleManager: Shutting down and abandoning module DeviceProfileEditor (187)
[2017.01.25-20.52.26:850][ 86]LogModuleManager: Shutting down and abandoning module UndoHistory (186)
[2017.01.25-20.52.26:850][ 86]LogModuleManager: Shutting down and abandoning module UserFeedback (185)
[2017.01.25-20.52.26:850][ 86]LogModuleManager: Shutting down and abandoning module XmlParser (184)
[2017.01.25-20.52.26:850][ 86]LogModuleManager: Shutting down and abandoning module Blutility (183)
[2017.01.25-20.52.26:850][ 86]LogModuleManager: Shutting down and abandoning module ProjectTargetPlatformEditor (182)
[2017.01.25-20.52.26:851][ 86]LogModuleManager: Shutting down and abandoning module ProjectSettingsViewer (181)
[2017.01.25-20.52.26:851][ 86]LogModuleManager: Shutting down and abandoning module EditorSettingsViewer (180)
[2017.01.25-20.52.26:851][ 86]LogModuleManager: Shutting down and abandoning module SettingsEditor (179)
[2017.01.25-20.52.26:851][ 86]LogModuleManager: Shutting down and abandoning module ProjectLauncher (178)
[2017.01.25-20.52.26:851][ 86]LogModuleManager: Shutting down and abandoning module SessionFrontend (177)
[2017.01.25-20.52.26:851][ 86]LogModuleManager: Shutting down and abandoning module ProfilerClient (176)
[2017.01.25-20.52.26:851][ 86]LogModuleManager: Shutting down and abandoning module TargetDeviceServices (175)
[2017.01.25-20.52.26:851][ 86]LogModuleManager: Shutting down and abandoning module DeviceManager (174)
[2017.01.25-20.52.26:893][ 86]LogModuleManager: Shutting down and abandoning module AutomationController (173)
[2017.01.25-20.52.26:893][ 86]LogModuleManager: Shutting down and abandoning module AutomationWindow (172)
[2017.01.25-20.52.26:893][ 86]LogModuleManager: Shutting down and abandoning module Layers (171)
[2017.01.25-20.52.26:893][ 86]LogModuleManager: Shutting down and abandoning module ComponentVisualizers (170)
[2017.01.25-20.52.26:893][ 86]LogModuleManager: Shutting down and abandoning module DetailCustomizations (169)
[2017.01.25-20.52.26:893][ 86]LogModuleManager: Shutting down and abandoning module PackagesDialog (168)
[2017.01.25-20.52.26:893][ 86]LogModuleManager: Shutting down and abandoning module AnimGraph (167)
[2017.01.25-20.52.26:894][ 86]LogModuleManager: Shutting down and abandoning module Persona (166)
[2017.01.25-20.52.26:894][ 86]LogModuleManager: Shutting down and abandoning module Kismet (165)
[2017.01.25-20.52.26:894][ 86]LogModuleManager: Shutting down and abandoning module GraphEditor (164)
[2017.01.25-20.52.26:894][ 86]LogModuleManager: Shutting down and abandoning module ClassViewer (163)
[2017.01.25-20.52.26:894][ 86]LogModuleManager: Shutting down and abandoning module Toolbox (162)
[2017.01.25-20.52.26:894][ 86]LogModuleManager: Shutting down and abandoning module ModuleUI (161)
[2017.01.25-20.52.26:894][ 86]LogModuleManager: Shutting down and abandoning module MovieSceneTools (160)
[2017.01.25-20.52.26:894][ 86]LogModuleManager: Shutting down and abandoning module OutputLog (159)
[2017.01.25-20.52.26:894][ 86]LogModuleManager: Shutting down and abandoning module GammaUI (158)
[2017.01.25-20.52.26:894][ 86]LogModuleManager: Shutting down and abandoning module Documentation (157)
[2017.01.25-20.52.26:894][ 86]LogModuleManager: Shutting down and abandoning module Niagara (156)
[2017.01.25-20.52.26:894][ 86]LogModuleManager: Shutting down and abandoning module StreamingPauseRendering (155)
[2017.01.25-20.52.26:894][ 86]LogModuleManager: Shutting down and abandoning module AnalyticsET (154)
[2017.01.25-20.52.26:895][ 86]LogModuleManager: Shutting down and abandoning module PortalServices (153)
[2017.01.25-20.52.26:895][ 86]LogModuleManager: Shutting down and abandoning module PortalRpc (152)
[2017.01.25-20.52.26:895][ 86]LogModuleManager: Shutting down and abandoning module MessagingRpc (151)
[2017.01.25-20.52.26:895][ 86]LogModuleManager: Shutting down and abandoning module GameplayDebugger (150)
[2017.01.25-20.52.26:895][ 86]LogModuleManager: Shutting down and abandoning module AITestSuite (149)
[2017.01.25-20.52.26:895][ 86]LogModuleManager: Shutting down and abandoning module AIModule (148)
[2017.01.25-20.52.26:895][ 86]LogModuleManager: Shutting down and abandoning module ProfilerService (147)
[2017.01.25-20.52.27:118][ 86]LogModuleManager: Shutting down and abandoning module TaskGraph (146)
[2017.01.25-20.52.27:118][ 86]LogModuleManager: Shutting down and abandoning module SlateRemote (145)
[2017.01.25-20.52.27:118][ 86]LogModuleManager: Shutting down and abandoning module SteamVRController (144)
[2017.01.25-20.52.27:118][ 86]LogModuleManager: Shutting down and abandoning module SteamVR (143)
[2017.01.25-20.52.27:118][ 86]LogModuleManager: Shutting down and abandoning module ProceduralMeshComponentEditor (142)
[2017.01.25-20.52.27:118][ 86]LogModuleManager: Shutting down and abandoning module ProceduralMeshComponent (141)
[2017.01.25-20.52.27:118][ 86]LogModuleManager: Shutting down and abandoning module OculusLibrary (140)
[2017.01.25-20.52.27:118][ 86]LogModuleManager: Shutting down and abandoning module OculusInput (139)
[2017.01.25-20.52.27:118][ 86]LogModuleManager: Shutting down and abandoning module MobilePatchingUtils (138)
[2017.01.25-20.52.27:118][ 86]LogModuleManager: Shutting down and abandoning module CustomMeshComponent (137)
[2017.01.25-20.52.27:118][ 86]LogModuleManager: Shutting down and abandoning module CableComponent (136)
[2017.01.25-20.52.27:118][ 86]LogModuleManager: Shutting down and abandoning module ArchVisCharacter (135)
[2017.01.25-20.52.27:118][ 86]LogModuleManager: Shutting down and abandoning module MediaPlayerEditor (133)
[2017.01.25-20.52.27:118][ 86]LogModuleManager: Shutting down and abandoning module HTML5Networking (132)
[2017.01.25-20.52.27:119][ 86]LogModuleManager: Shutting down and abandoning module GeometryCacheEd (131)
[2017.01.25-20.52.27:119][ 86]LogModuleManager: Shutting down and abandoning module GeometryCache (130)
[2017.01.25-20.52.27:119][ 86]LogModuleManager: Shutting down and abandoning module AlembicLibrary (129)
[2017.01.25-20.52.27:119][ 86]LogModuleManager: Shutting down and abandoning module AlembicImporter (128)
[2017.01.25-20.52.27:119][ 86]LogModuleManager: Shutting down and abandoning module SuperSearch (127)
[2017.01.25-20.52.27:119][ 86]LogModuleManager: Shutting down and abandoning module SuperSearchEditor (126)
[2017.01.25-20.52.27:119][ 86]LogModuleManager: Shutting down and abandoning module SpeedTreeImporter (125)
[2017.01.25-20.52.27:119][ 86]LogModuleManager: Shutting down and abandoning module PluginBrowser (124)
[2017.01.25-20.52.27:119][ 86]LogModuleManager: Shutting down and abandoning module MobileLauncherProfileWizard (123)
[2017.01.25-20.52.27:119][ 86]LogModuleManager: Shutting down and abandoning module EpicSurvey (122)
[2017.01.25-20.52.27:119][ 86]LogModuleManager: Shutting down and abandoning module DesktopPlatform (121)
[2017.01.25-20.52.27:119][ 86]LogModuleManager: Shutting down and abandoning module VisualStudioSourceCodeAccess (120)
[2017.01.25-20.52.27:119][ 86]LogModuleManager: Shutting down and abandoning module UObjectPlugin (119)
[2017.01.25-20.52.27:119][ 86]LogModuleManager: Shutting down and abandoning module SubversionSourceControl (118)
[2017.01.25-20.52.27:119][ 86]LogModuleManager: Shutting down and abandoning module PerforceSourceControl (117)
[2017.01.25-20.52.27:119][ 86]LogModuleManager: Shutting down and abandoning module SourceControl (116)
[2017.01.25-20.52.27:119][ 86]LogModuleManager: Shutting down and abandoning module GitSourceControl (115)
[2017.01.25-20.52.27:119][ 86]LogModuleManager: Shutting down and abandoning module LightPropagationVolumeEditor (114)
[2017.01.25-20.52.27:119][ 86]LogModuleManager: Shutting down and abandoning module PaperTiledImporter (113)
[2017.01.25-20.52.27:119][ 86]LogModuleManager: Shutting down and abandoning module PaperSpriteSheetImporter (112)
[2017.01.25-20.52.27:119][ 86]LogModuleManager: Shutting down and abandoning module MeshPaint (111)
[2017.01.25-20.52.27:119][ 86]LogModuleManager: Shutting down and abandoning module PixelInspectorModule (110)
[2017.01.25-20.52.27:119][ 86]LogModuleManager: Shutting down and abandoning module HotReload (109)
[2017.01.25-20.52.27:120][ 86]LogModuleManager: Shutting down and abandoning module MainFrame (108)
[2017.01.25-20.52.27:120][ 86]LogModuleManager: Shutting down and abandoning module LevelEditor (107)
[2017.01.25-20.52.27:120][ 86]LogModuleManager: Shutting down and abandoning module ContentBrowser (106)
[2017.01.25-20.52.27:121][ 86]LogModuleManager: Shutting down and abandoning module Paper2DEditor (105)
[2017.01.25-20.52.27:121][ 86]LogModuleManager: Shutting down and abandoning module UdpMessaging (104)
[2017.01.25-20.52.27:222][ 86]LogModuleManager: Shutting down and abandoning module TcpMessaging (103)
[2017.01.25-20.52.27:323][ 86]LogModuleManager: Shutting down and abandoning module LightPropagationVolumeRuntime (102)
[2017.01.25-20.52.27:323][ 86]LogModuleManager: Shutting down and abandoning module Paper2D (101)
[2017.01.25-20.52.27:323][ 86]LogModuleManager: Shutting down and abandoning module WindowsMoviePlayer (100)
[2017.01.25-20.52.27:323][ 86]LogModuleManager: Shutting down and abandoning module WmfMedia (99)
[2017.01.25-20.52.27:323][ 86]LogModuleManager: Shutting down and abandoning module MediaAssets (98)
[2017.01.25-20.52.27:323][ 86]LogModuleManager: Shutting down and abandoning module GameLiveStreaming (97)
[2017.01.25-20.52.27:323][ 86]LogModuleManager: Shutting down and abandoning module GameplayTagsEditor (96)
[2017.01.25-20.52.27:323][ 86]LogModuleManager: Shutting down and abandoning module VREditor (95)
[2017.01.25-20.52.27:323][ 86]LogModuleManager: Shutting down and abandoning module GameplayTasksEditor (94)
[2017.01.25-20.52.27:323][ 86]LogModuleManager: Shutting down and abandoning module BehaviorTreeEditor (93)
[2017.01.25-20.52.27:323][ 86]LogModuleManager: Shutting down and abandoning module FunctionalTesting (92)
[2017.01.25-20.52.27:323][ 86]LogModuleManager: Shutting down and abandoning module CollisionAnalyzer (91)
[2017.01.25-20.52.27:323][ 86]LogModuleManager: Shutting down and abandoning module Sequencer (90)
[2017.01.25-20.52.27:323][ 86]LogModuleManager: Shutting down and abandoning module WorkspaceMenuStructure (89)
[2017.01.25-20.52.27:323][ 86]LogModuleManager: Shutting down and abandoning module MessageLog (88)
[2017.01.25-20.52.27:323][ 86]LogModuleManager: Shutting down and abandoning module AssetTools (87)
[2017.01.25-20.52.27:324][ 86]LogModuleManager: Shutting down and abandoning module UMGEditor (86)
[2017.01.25-20.52.27:324][ 86]LogModuleManager: Shutting down and abandoning module UMG (85)
[2017.01.25-20.52.27:324][ 86]LogModuleManager: Shutting down and abandoning module SlateReflector (84)
[2017.01.25-20.52.27:324][ 86]LogModuleManager: Shutting down and abandoning module Slate (83)
[2017.01.25-20.52.27:324][ 86]LogModuleManager: Shutting down and abandoning module EditorStyle (82)
[2017.01.25-20.52.27:325][ 86]LogModuleManager: Shutting down and abandoning module SourceCodeAccess (81)
[2017.01.25-20.52.27:325][ 86]LogModuleManager: Shutting down and abandoning module HeadMountedDisplay (80)
[2017.01.25-20.52.27:325][ 86]LogModuleManager: Shutting down and abandoning module XAudio2 (79)
[2017.01.25-20.52.27:325][ 86]LogModuleManager: Shutting down and abandoning module Networking (77)
[2017.01.25-20.52.27:325][ 86]LogModuleManager: Shutting down and abandoning module Core (76)
[2017.01.25-20.52.27:325][ 86]LogModuleManager: Shutting down and abandoning module DirectoryWatcher (75)
[2017.01.25-20.52.27:326][ 86]LogDirectoryWatcher: A directory notification for '../../../Engine/Content/' was aborted.
[2017.01.25-20.52.27:326][ 86]LogDirectoryWatcher: A directory notification for '../../../../../../Users/User/Documents/Unreal Projects/VR_Cooking/VR_Cooking/VR_Cooking/Content/' was aborted.
[2017.01.25-20.52.27:326][ 86]LogDirectoryWatcher: A directory notification for '../../../Engine/Plugins/2D/Paper2D/Content/' was aborted.
[2017.01.25-20.52.27:326][ 86]LogModuleManager: Shutting down and abandoning module AssetRegistry (74)
[2017.01.25-20.52.27:479][ 86]LogModuleManager: Shutting down and abandoning module KismetCompiler (73)
[2017.01.25-20.52.27:479][ 86]LogModuleManager: Shutting down and abandoning module PhysXFormats (72)
[2017.01.25-20.52.27:479][ 86]LogModuleManager: Shutting down and abandoning module SimplygonSwarm (71)
[2017.01.25-20.52.27:479][ 86]LogModuleManager: Shutting down and abandoning module SimplygonMeshReduction (70)
[2017.01.25-20.52.27:479][ 86]LogModuleManager: Shutting down and abandoning module QuadricMeshReduction (69)
[2017.01.25-20.52.27:479][ 86]LogModuleManager: Shutting down and abandoning module PropertyEditor (68)
[2017.01.25-20.52.27:479][ 86]LogModuleManager: Shutting down and abandoning module MeshUtilities (67)
[2017.01.25-20.52.27:479][ 86]LogModuleManager: Shutting down and abandoning module DerivedDataCache (66)
[2017.01.25-20.52.27:915][ 86]LogDerivedDataCache: Shutdown
[2017.01.25-20.52.27:915][ 86]LogModuleManager: Shutting down and abandoning module VulkanShaderFormat (65)
[2017.01.25-20.52.27:915][ 86]LogModuleManager: Shutting down and abandoning module ShaderFormatOpenGL (64)
[2017.01.25-20.52.27:915][ 86]LogModuleManager: Shutting down and abandoning module ShaderFormatD3D (63)
[2017.01.25-20.52.27:915][ 86]LogModuleManager: Shutting down and abandoning module MetalShaderFormat (62)
[2017.01.25-20.52.27:915][ 86]LogModuleManager: Shutting down and abandoning module TextureFormatUncompressed (61)
[2017.01.25-20.52.27:915][ 86]LogModuleManager: Shutting down and abandoning module TextureFormatPVR (60)
[2017.01.25-20.52.27:915][ 86]LogModuleManager: Shutting down and abandoning module TextureFormatDXT (59)
[2017.01.25-20.52.27:915][ 86]LogModuleManager: Shutting down and abandoning module TextureFormatIntelISPCTexComp (58)
[2017.01.25-20.52.27:915][ 86]LogModuleManager: Shutting down and abandoning module ImageWrapper (57)
[2017.01.25-20.52.27:915][ 86]LogModuleManager: Shutting down and abandoning module TextureFormatASTC (56)
[2017.01.25-20.52.27:915][ 86]LogModuleManager: Shutting down and abandoning module TextureFormatAndroid (55)
[2017.01.25-20.52.27:915][ 86]LogModuleManager: Shutting down and abandoning module AudioFormatOpus (54)
[2017.01.25-20.52.27:915][ 86]LogModuleManager: Shutting down and abandoning module AudioFormatOgg (53)
[2017.01.25-20.52.27:915][ 86]LogModuleManager: Shutting down and abandoning module AudioFormatADPCM (52)
[2017.01.25-20.52.27:915][ 86]LogModuleManager: Shutting down and abandoning module LinuxTargetPlatform (51)
[2017.01.25-20.52.27:915][ 86]LogModuleManager: Shutting down and abandoning module LinuxServerTargetPlatform (50)
[2017.01.25-20.52.27:915][ 86]LogModuleManager: Shutting down and abandoning module LinuxNoEditorTargetPlatform (49)
[2017.01.25-20.52.27:915][ 86]LogModuleManager: Shutting down and abandoning module LinuxClientTargetPlatform (48)
[2017.01.25-20.52.27:915][ 86]LogModuleManager: Shutting down and abandoning module TVOSTargetPlatform (47)
[2017.01.25-20.52.27:915][ 86]LogModuleManager: Shutting down and abandoning module Messaging (46)
[2017.01.25-20.52.27:915][ 86]LogModuleManager: Shutting down and abandoning module IOSTargetPlatform (45)
[2017.01.25-20.52.27:915][ 86]LogModuleManager: Shutting down and abandoning module HTML5TargetPlatform (44)
[2017.01.25-20.52.27:915][ 86]LogModuleManager: Shutting down and abandoning module Android_PVRTCTargetPlatform (43)
[2017.01.25-20.52.27:915][ 86]LogModuleManager: Shutting down and abandoning module Android_MultiTargetPlatform (42)
[2017.01.25-20.52.27:915][ 86]LogModuleManager: Shutting down and abandoning module Android_ETC2TargetPlatform (41)
[2017.01.25-20.52.27:915][ 86]LogModuleManager: Shutting down and abandoning module Android_ETC1TargetPlatform (40)
[2017.01.25-20.52.27:915][ 86]LogModuleManager: Shutting down and abandoning module Android_DXTTargetPlatform (39)
[2017.01.25-20.52.27:915][ 86]LogModuleManager: Shutting down and abandoning module Android_ATCTargetPlatform (38)
[2017.01.25-20.52.27:915][ 86]LogModuleManager: Shutting down and abandoning module Android_ASTCTargetPlatform (37)
[2017.01.25-20.52.27:915][ 86]LogModuleManager: Shutting down and abandoning module AndroidTargetPlatform (36)
[2017.01.25-20.52.27:915][ 86]LogModuleManager: Shutting down and abandoning module WindowsTargetPlatform (35)
[2017.01.25-20.52.27:915][ 86]LogModuleManager: Shutting down and abandoning module WindowsServerTargetPlatform (34)
[2017.01.25-20.52.27:915][ 86]LogModuleManager: Shutting down and abandoning module WindowsNoEditorTargetPlatform (33)
[2017.01.25-20.52.27:915][ 86]LogModuleManager: Shutting down and abandoning module WindowsClientTargetPlatform (32)
[2017.01.25-20.52.27:915][ 86]LogModuleManager: Shutting down and abandoning module MacTargetPlatform (31)
[2017.01.25-20.52.27:915][ 86]LogModuleManager: Shutting down and abandoning module MacServerTargetPlatform (30)
[2017.01.25-20.52.27:915][ 86]LogModuleManager: Shutting down and abandoning module MacNoEditorTargetPlatform (29)
[2017.01.25-20.52.27:915][ 86]LogModuleManager: Shutting down and abandoning module MacClientTargetPlatform (28)
[2017.01.25-20.52.27:915][ 86]LogModuleManager: Shutting down and abandoning module AllDesktopTargetPlatform (27)
[2017.01.25-20.52.27:915][ 86]LogModuleManager: Shutting down and abandoning module TargetPlatform (26)
[2017.01.25-20.52.27:915][ 86]LogModuleManager: Shutting down and abandoning module InputCore (25)
[2017.01.25-20.52.27:915][ 86]LogModuleManager: Shutting down and abandoning module Settings (24)
[2017.01.25-20.52.27:915][ 86]LogModuleManager: Shutting down and abandoning module OculusRift (23)
[2017.01.25-20.52.27:915][ 86]LogModuleManager: Shutting down and abandoning module GoogleVRHMD (22)
[2017.01.25-20.52.27:915][ 86]LogModuleManager: Shutting down and abandoning module ExampleDeviceProfileSelector (21)
[2017.01.25-20.52.27:915][ 86]LogModuleManager: Shutting down and abandoning module OnlineBlueprintSupport (20)
[2017.01.25-20.52.27:915][ 86]LogModuleManager: Shutting down and abandoning module OnlineSubsystem (18)
[2017.01.25-20.52.27:915][ 86]LogOnline:Display: Unloading online subsystem: NULL
[2017.01.25-20.52.27:915][ 86]LogModuleManager: Shutting down and abandoning module SSL (17)
[2017.01.25-20.52.27:917][ 86]LogModuleManager: Shutting down and abandoning module HTTP (16)
[2017.01.25-20.52.27:917][ 86]LogModuleManager: Shutting down and abandoning module XMPP (15)
[2017.01.25-20.52.27:917][ 86]LogModuleManager: Shutting down and abandoning module TextureCompressor (14)
[2017.01.25-20.52.27:917][ 86]LogModuleManager: Shutting down and abandoning module ShaderCore (13)
[2017.01.25-20.52.27:917][ 86]LogModuleManager: Shutting down and abandoning module Landscape (12)
[2017.01.25-20.52.27:917][ 86]LogModuleManager: Shutting down and abandoning module SlateRHIRenderer (11)
[2017.01.25-20.52.27:917][ 86]LogModuleManager: Shutting down and abandoning module OpenGLDrv (10)
[2017.01.25-20.52.27:917][ 86]LogModuleManager: Shutting down and abandoning module D3D11RHI (9)
[2017.01.25-20.52.27:917][ 86]LogModuleManager: Shutting down and abandoning module AnimGraphRuntime (8)
[2017.01.25-20.52.27:917][ 86]LogModuleManager: Shutting down and abandoning module Renderer (7)
[2017.01.25-20.52.27:917][ 86]LogModuleManager: Shutting down and abandoning module Engine (6)
[2017.01.25-20.52.27:917][ 86]LogModuleManager: Shutting down and abandoning module CoreUObject (5)
[2017.01.25-20.52.27:917][ 86]LogModuleManager: Shutting down and abandoning module NetworkFile (4)
[2017.01.25-20.52.27:917][ 86]LogModuleManager: Shutting down and abandoning module StreamingFile (3)
[2017.01.25-20.52.27:917][ 86]LogModuleManager: Shutting down and abandoning module SandboxFile (2)
[2017.01.25-20.52.27:917][ 86]LogModuleManager: Shutting down and abandoning module PakFile (1)
[2017.01.25-20.52.27:919][ 86]LogExit: Exiting.
[2017.01.25-20.52.27:928][ 86]Log file closed, 01/25/17 20:52:27
